<html>
<head>
<title>TestNG:  Surefire test</title>
<link href="../testng.css" rel="stylesheet" type="text/css" />
<link href="../my-testng.css" rel="stylesheet" type="text/css" />

<style type="text/css">
.log { display: none;} 
.stack-trace { display: none;} 
</style>
<script type="text/javascript">
<!--
function flip(e) {
  current = e.style.display;
  if (current == 'block') {
    e.style.display = 'none';
    return 0;
  }
  else {
    e.style.display = 'block';
    return 1;
  }
}

function toggleBox(szDivId, elem, msg1, msg2)
{
  var res = -1;  if (document.getElementById) {
    res = flip(document.getElementById(szDivId));
  }
  else if (document.all) {
    // this is the way old msie versions work
    res = flip(document.all[szDivId]);
  }
  if(elem) {
    if(res == 0) elem.innerHTML = msg1; else elem.innerHTML = msg2;
  }

}

function toggleAllBoxes() {
  if (document.getElementsByTagName) {
    d = document.getElementsByTagName('div');
    for (i = 0; i < d.length; i++) {
      if (d[i].className == 'log') {
        flip(d[i]);
      }
    }
  }
}

// -->
</script>

</head>
<body>
<h2 align='center'>Surefire test</h2><table border='1' align="center">
<tr>
<td>Tests passed/Failed/Skipped:</td><td>6/1/0</td>
</tr><tr>
<td>Started on:</td><td>Sun Sep 26 13:17:45 EDT 2021</td>
</tr>
<tr><td>Total time:</td><td>56 seconds (56040 ms)</td>
</tr><tr>
<td>Included groups:</td><td></td>
</tr><tr>
<td>Excluded groups:</td><td></td>
</tr>
</table><p/>
<small><i>(Hover the method name to see the test class name)</i></small><p/>
<table width='100%' border='1' class='invocation-failed'>
<tr><td colspan='4' align='center'><b>FAILED TESTS</b></td></tr>
<tr><td><b>Test method</b></td>
<td width="30%"><b>Exception</b></td>
<td width="10%"><b>Time (seconds)</b></td>
<td><b>Instance</b></td>
</tr>
<tr>
<td title='TestRunner.runScenario()'><b>runScenario</b><br>Test class: TestRunner<br>Test method: Runs Cucumber Scenarios<br>Parameters: "User should be able to sign in with valid credentials", "Optional[TalentTEK Sign In feature test]"</td>
<td><div><pre>org.openqa.selenium.NoSuchElementException: Cannot locate an element using xpath=//*[@id=&apos;profile_form&apos;]/legend
For documentation on this error, please visit: https://www.seleniumhq.org/exceptions/no_such_element.html
Build info: version: &apos;3.141.59&apos;, revision: &apos;e82be7d358&apos;, time: &apos;2018-11-14T08:17:03&apos;
System info: host: &apos;DESKTOP-CEGNB58&apos;, ip: &apos;192.168.1.151&apos;, os.name: &apos;Windows 10&apos;, os.arch: &apos;amd64&apos;, os.version: &apos;10.0&apos;, java.version: &apos;1.8.0_271&apos;
Driver info: driver.version: RemoteWebDriver
	at org.openqa.selenium.remote.RemoteWebDriver.findElement(RemoteWebDriver.java:327)
	at org.openqa.selenium.remote.RemoteWebDriver.findElementByXPath(RemoteWebDriver.java:428)
	at org.openqa.selenium.By$ByXPath.findElement(By.java:353)
	at org.openqa.selenium.remote.RemoteWebDriver.findElement(RemoteWebDriver.java:315)
	at org.openqa.selenium.support.pagefactory.DefaultElementLocator.findElement(DefaultElementLocator.java:69)
	at org.openqa.selenium.support.pagefactory.internal.LocatingElementHandler.invoke(LocatingElementHandler.java:38)
	at com.sun.proxy.$Proxy19.getText(Unknown Source)
	at pageObject.myProfile_page.verifyStudentLoggedIn(myProfile_page.java:23)
	at stepDef.profile.iShouldBeSuccessfullyLogIn(profile.java:13)
	at ?.I should be successfully log in(file:///C:/Users/Ashif-Desktop/Documents/GitHub/CucumberBDD/src/test/java/features/login/login.feature:26)
</pre></div><a href='#' onClick='toggleBox("stack-trace1590363948", this, "Click to show all stack frames", "Click to hide stack frames")'>Click to show all stack frames</a>
<div class='stack-trace' id='stack-trace1590363948'><pre>org.openqa.selenium.NoSuchElementException: Cannot locate an element using xpath=//*[@id=&apos;profile_form&apos;]/legend
For documentation on this error, please visit: https://www.seleniumhq.org/exceptions/no_such_element.html
Build info: version: &apos;3.141.59&apos;, revision: &apos;e82be7d358&apos;, time: &apos;2018-11-14T08:17:03&apos;
System info: host: &apos;DESKTOP-CEGNB58&apos;, ip: &apos;192.168.1.151&apos;, os.name: &apos;Windows 10&apos;, os.arch: &apos;amd64&apos;, os.version: &apos;10.0&apos;, java.version: &apos;1.8.0_271&apos;
Driver info: driver.version: RemoteWebDriver
	at org.openqa.selenium.remote.RemoteWebDriver.findElement(RemoteWebDriver.java:327)
	at org.openqa.selenium.remote.RemoteWebDriver.findElementByXPath(RemoteWebDriver.java:428)
	at org.openqa.selenium.By$ByXPath.findElement(By.java:353)
	at org.openqa.selenium.remote.RemoteWebDriver.findElement(RemoteWebDriver.java:315)
	at org.openqa.selenium.support.pagefactory.DefaultElementLocator.findElement(DefaultElementLocator.java:69)
	at org.openqa.selenium.support.pagefactory.internal.LocatingElementHandler.invoke(LocatingElementHandler.java:38)
	at com.sun.proxy.$Proxy19.getText(Unknown Source)
	at pageObject.myProfile_page.verifyStudentLoggedIn(myProfile_page.java:23)
	at stepDef.profile.iShouldBeSuccessfullyLogIn(profile.java:13)
	at ?.I should be successfully log in(file:///C:/Users/Ashif-Desktop/Documents/GitHub/CucumberBDD/src/test/java/features/login/login.feature:26)
</pre></div></td>
<td>44</td>
<td>TestRunner@23e028a9</td></tr>
</table><p>
<table width='100%' border='1' class='invocation-passed'>
<tr><td colspan='4' align='center'><b>PASSED TESTS</b></td></tr>
<tr><td><b>Test method</b></td>
<td width="30%"><b>Exception</b></td>
<td width="10%"><b>Time (seconds)</b></td>
<td><b>Instance</b></td>
</tr>
<tr>
<td title='TestRunner.runScenario()'><b>runScenario</b><br>Test class: TestRunner<br>Test method: Runs Cucumber Scenarios<br>Parameters: "User should be able to sign in with valid credentials", "Optional[TalentTEK Sign In feature test]"</td>
<td></td>
<td>4</td>
<td>TestRunner@23e028a9</td></tr>
<tr>
<td title='TestRunner.runScenario()'><b>runScenario</b><br>Test class: TestRunner<br>Test method: Runs Cucumber Scenarios<br>Parameters: "User should be able to sign in with valid credentials", "Optional[TalentTEK Sign In feature test]"</td>
<td></td>
<td>1</td>
<td>TestRunner@23e028a9</td></tr>
<tr>
<td title='TestRunner.runScenario()'><b>runScenario</b><br>Test class: TestRunner<br>Test method: Runs Cucumber Scenarios<br>Parameters: "User should be able to sign up with valid email address", "Optional[TalentTEK Sign up feature test]"</td>
<td></td>
<td>2</td>
<td>TestRunner@23e028a9</td></tr>
<tr>
<td title='TestRunner.runScenario()'><b>runScenario</b><br>Test class: TestRunner<br>Test method: Runs Cucumber Scenarios<br>Parameters: "User should not be able to sign up with invalid email address", "Optional[TalentTEK Sign up feature test]"</td>
<td></td>
<td>1</td>
<td>TestRunner@23e028a9</td></tr>
<tr>
<td title='TestRunner.runScenario()'><b>runScenario</b><br>Test class: TestRunner<br>Test method: Runs Cucumber Scenarios<br>Parameters: "User should not be able to sign up with male radiobutton", "Optional[TalentTEK Sign up feature test]"</td>
<td></td>
<td>0</td>
<td>TestRunner@23e028a9</td></tr>
<tr>
<td title='TestRunner.runScenario()'><b>runScenario</b><br>Test class: TestRunner<br>Test method: Runs Cucumber Scenarios<br>Parameters: "User should not be able to sign up with female radiobutton", "Optional[TalentTEK Sign up feature test]"</td>
<td></td>
<td>0</td>
<td>TestRunner@23e028a9</td></tr>
</table><p>
</body>
</html>