<?xml version="1.0" encoding="UTF-8"?>
<!-- Generated by org.testng.reporters.JUnitReportReporter -->
<testsuite skipped="0" hostname="DESKTOP-CEGNB58" name="TestRunner" tests="7" failures="0" timestamp="2021-09-26T13:18:42 EDT" time="55.758" errors="1">
  <testcase name="runScenario" time="2.616" classname="TestRunner"/>
  <system-out/>
  <testcase name="runScenario" time="1.893" classname="TestRunner"/>
  <system-out/>
  <testcase name="runScenario" time="44.801" classname="TestRunner">
    <error type="org.openqa.selenium.NoSuchElementException" message="Cannot locate an element using xpath=//*[@id=&#039;profile_form&#039;]/legend
For documentation on this error, please visit: https://www.seleniumhq.org/exceptions/no_such_element.html
Build info: version: &#039;3.141.59&#039;, revision: &#039;e82be7d358&#039;, time: &#039;2018-11-14T08:17:03&#039;
System info: host: &#039;DESKTOP-CEGNB58&#039;, ip: &#039;192.168.1.151&#039;, os.name: &#039;Windows 10&#039;, os.arch: &#039;amd64&#039;, os.version: &#039;10.0&#039;, java.version: &#039;1.8.0_271&#039;
Driver info: driver.version: RemoteWebDriver">
      <![CDATA[org.openqa.selenium.NoSuchElementException: Cannot locate an element using xpath=//*[@id='profile_form']/legend
For documentation on this error, please visit: https://www.seleniumhq.org/exceptions/no_such_element.html
Build info: version: '3.141.59', revision: 'e82be7d358', time: '2018-11-14T08:17:03'
System info: host: 'DESKTOP-CEGNB58', ip: '192.168.1.151', os.name: 'Windows 10', os.arch: 'amd64', os.version: '10.0', java.version: '1.8.0_271'
Driver info: driver.version: RemoteWebDriver
at org.openqa.selenium.remote.RemoteWebDriver.findElement(RemoteWebDriver.java:327)
at org.openqa.selenium.remote.RemoteWebDriver.findElementByXPath(RemoteWebDriver.java:428)
at org.openqa.selenium.By$ByXPath.findElement(By.java:353)
at org.openqa.selenium.remote.RemoteWebDriver.findElement(RemoteWebDriver.java:315)
at org.openqa.selenium.support.pagefactory.DefaultElementLocator.findElement(DefaultElementLocator.java:69)
at org.openqa.selenium.support.pagefactory.internal.LocatingElementHandler.invoke(LocatingElementHandler.java:38)
at com.sun.proxy.$Proxy19.getText(Unknown Source)
at pageObject.myProfile_page.verifyStudentLoggedIn(myProfile_page.java:23)
at stepDef.profile.iShouldBeSuccessfullyLogIn(profile.java:13)
at âœ½.I should be successfully log in(file:///C:/Users/Ashif-Desktop/Documents/GitHub/CucumberBDD/src/test/java/features/login/login.feature:26)
]]>
    </error>
  </testcase> <!-- runScenario -->
  <system-out/>
  <testcase name="runScenario" time="1.957" classname="TestRunner"/>
  <system-out/>
  <testcase name="runScenario" time="0.001" classname="TestRunner"/>
  <system-out/>
  <testcase name="runScenario" time="0.001" classname="TestRunner"/>
  <system-out/>
  <testcase name="runScenario" time="4.489" classname="TestRunner"/>
  <system-out/>
</testsuite> <!-- TestRunner -->
